This is pdfTeX, Version 3.141592653-2.6-1.40.24 (TeX Live 2022/Debian) (preloaded format=pdflatex 2026.4.9)  10 APR 2026 03:42
entering extended mode
 restricted \write18 enabled.
 %&-line parsing enabled.
**paper.tex
(./paper.tex
LaTeX2e <2022-11-01> patch level 1
L3 programming layer <2023-01-16>
(/usr/share/texlive/texmf-dist/tex/latex/base/article.cls
Document Class: article 2022/07/02 v1.4n Standard LaTeX document class
(/usr/share/texlive/texmf-dist/tex/latex/base/size10.clo
File: size10.clo 2022/07/02 v1.4n Standard LaTeX file (size option)
)
\c@part=\count185
\c@section=\count186
\c@subsection=\count187
\c@subsubsection=\count188
\c@paragraph=\count189
\c@subparagraph=\count190
\c@figure=\count191
\c@table=\count192
\abovecaptionskip=\skip48
\belowcaptionskip=\skip49
\bibindent=\dimen140
)
(/usr/share/texlive/texmf-dist/tex/latex/amsmath/amsmath.sty
Package: amsmath 2022/04/08 v2.17n AMS math features
\@mathmargin=\skip50

For additional information on amsmath, use the `?' option.
(/usr/share/texlive/texmf-dist/tex/latex/amsmath/amstext.sty
Package: amstext 2021/08/26 v2.01 AMS text

(/usr/share/texlive/texmf-dist/tex/latex/amsmath/amsgen.sty
File: amsgen.sty 1999/11/30 v2.0 generic functions
\@emptytoks=\toks16
\ex@=\dimen141
))
(/usr/share/texlive/texmf-dist/tex/latex/amsmath/amsbsy.sty
Package: amsbsy 1999/11/29 v1.2d Bold Symbols
\pmbraise@=\dimen142
)
(/usr/share/texlive/texmf-dist/tex/latex/amsmath/amsopn.sty
Package: amsopn 2022/04/08 v2.04 operator names
)
\inf@bad=\count193
LaTeX Info: Redefining \frac on input line 234.
\uproot@=\count194
\leftroot@=\count195
LaTeX Info: Redefining \overline on input line 399.
LaTeX Info: Redefining \colon on input line 410.
\classnum@=\count196
\DOTSCASE@=\count197
LaTeX Info: Redefining \ldots on input line 496.
LaTeX Info: Redefining \dots on input line 499.
LaTeX Info: Redefining \cdots on input line 620.
\Mathstrutbox@=\box51
\strutbox@=\box52
LaTeX Info: Redefining \big on input line 722.
LaTeX Info: Redefining \Big on input line 723.
LaTeX Info: Redefining \bigg on input line 724.
LaTeX Info: Redefining \Bigg on input line 725.
\big@size=\dimen143
LaTeX Font Info:    Redeclaring font encoding OML on input line 743.
LaTeX Font Info:    Redeclaring font encoding OMS on input line 744.
\macc@depth=\count198
LaTeX Info: Redefining \bmod on input line 905.
LaTeX Info: Redefining \pmod on input line 910.
LaTeX Info: Redefining \smash on input line 940.
LaTeX Info: Redefining \relbar on input line 970.
LaTeX Info: Redefining \Relbar on input line 971.
\c@MaxMatrixCols=\count199
\dotsspace@=\muskip16
\c@parentequation=\count266
\dspbrk@lvl=\count267
\tag@help=\toks17
\row@=\count268
\column@=\count269
\maxfields@=\count270
\andhelp@=\toks18
\eqnshift@=\dimen144
\alignsep@=\dimen145
\tagshift@=\dimen146
\tagwidth@=\dimen147
\totwidth@=\dimen148
\lineht@=\dimen149
\@envbody=\toks19
\multlinegap=\skip51
\multlinetaggap=\skip52
\mathdisplay@stack=\toks20
LaTeX Info: Redefining \[ on input line 2953.
LaTeX Info: Redefining \] on input line 2954.
)
(/usr/share/texlive/texmf-dist/tex/latex/multirow/multirow.sty
Package: multirow 2021/03/15 v2.8 Span multiple rows of a table
\multirow@colwidth=\skip53
\multirow@cntb=\count271
\multirow@dima=\skip54
\bigstrutjot=\dimen150
)
(/usr/share/texlive/texmf-dist/tex/latex/natbib/natbib.sty
Package: natbib 2010/09/13 8.31b (PWD, AO)
\bibhang=\skip55
\bibsep=\skip56
LaTeX Info: Redefining \cite on input line 694.
\c@NAT@ctr=\count272
)
(/usr/share/texlive/texmf-dist/tex/latex/graphics/graphicx.sty
Package: graphicx 2021/09/16 v1.2d Enhanced LaTeX Graphics (DPC,SPQR)

(/usr/share/texlive/texmf-dist/tex/latex/graphics/keyval.sty
Package: keyval 2022/05/29 v1.15 key=value parser (DPC)
\KV@toks@=\toks21
)
(/usr/share/texlive/texmf-dist/tex/latex/graphics/graphics.sty
Package: graphics 2022/03/10 v1.4e Standard LaTeX Graphics (DPC,SPQR)

(/usr/share/texlive/texmf-dist/tex/latex/graphics/trig.sty
Package: trig 2021/08/11 v1.11 sin cos tan (DPC)
)
(/usr/share/texlive/texmf-dist/tex/latex/graphics-cfg/graphics.cfg
File: graphics.cfg 2016/06/04 v1.11 sample graphics configuration
)
Package graphics Info: Driver file: pdftex.def on input line 107.

(/usr/share/texlive/texmf-dist/tex/latex/graphics-def/pdftex.def
File: pdftex.def 2022/09/22 v1.2b Graphics/color driver for pdftex
))
\Gin@req@height=\dimen151
\Gin@req@width=\dimen152
)
(/usr/share/texlive/texmf-dist/tex/latex/tools/tabularx.sty
Package: tabularx 2020/01/15 v2.11c `tabularx' package (DPC)

(/usr/share/texlive/texmf-dist/tex/latex/tools/array.sty
Package: array 2022/09/04 v2.5g Tabular extension package (FMi)
\col@sep=\dimen153
\ar@mcellbox=\box53
\extrarowheight=\dimen154
\NC@list=\toks22
\extratabsurround=\skip57
\backup@length=\skip58
\ar@cellbox=\box54
)
\TX@col@width=\dimen155
\TX@old@table=\dimen156
\TX@old@col=\dimen157
\TX@target=\dimen158
\TX@delta=\dimen159
\TX@cols=\count273
\TX@ftn=\toks23
)
(/usr/share/texlive/texmf-dist/tex/latex/l3backend/l3backend-pdftex.def
File: l3backend-pdftex.def 2023-01-16 L3 backend support: PDF output (pdfTeX)
\l__color_backend_stack_int=\count274
\l__pdf_internal_box=\box55
)
No file paper.aux.
\openout1 = `paper.aux'.

LaTeX Font Info:    Checking defaults for OML/cmm/m/it on input line 11.
LaTeX Font Info:    ... okay on input line 11.
LaTeX Font Info:    Checking defaults for OMS/cmsy/m/n on input line 11.
LaTeX Font Info:    ... okay on input line 11.
LaTeX Font Info:    Checking defaults for OT1/cmr/m/n on input line 11.
LaTeX Font Info:    ... okay on input line 11.
LaTeX Font Info:    Checking defaults for T1/cmr/m/n on input line 11.
LaTeX Font Info:    ... okay on input line 11.
LaTeX Font Info:    Checking defaults for TS1/cmr/m/n on input line 11.
LaTeX Font Info:    ... okay on input line 11.
LaTeX Font Info:    Checking defaults for OMX/cmex/m/n on input line 11.
LaTeX Font Info:    ... okay on input line 11.
LaTeX Font Info:    Checking defaults for U/cmr/m/n on input line 11.
LaTeX Font Info:    ... okay on input line 11.
(/usr/share/texlive/texmf-dist/tex/context/base/mkii/supp-pdf.mkii
[Loading MPS to PDF converter (version 2006.09.02).]
\scratchcounter=\count275
\scratchdimen=\dimen160
\scratchbox=\box56
\nofMPsegments=\count276
\nofMParguments=\count277
\everyMPshowfont=\toks24
\MPscratchCnt=\count278
\MPscratchDim=\dimen161
\MPnumerator=\count279
\makeMPintoPDFobject=\count280
\everyMPtoPDFconversion=\toks25
) (/usr/share/texlive/texmf-dist/tex/latex/epstopdf-pkg/epstopdf-base.sty
Package: epstopdf-base 2020-01-24 v2.11 Base part for package epstopdf
Package epstopdf-base Info: Redefining graphics rule for `.eps' on input line 4
85.

(/usr/share/texlive/texmf-dist/tex/latex/latexconfig/epstopdf-sys.cfg
File: epstopdf-sys.cfg 2010/07/13 v1.3 Configuration of (r)epstopdf for TeX Liv
e
))

! LaTeX Error: Unicode character Ōéé (U+2082)
               not set up for use with LaTeX.

See the LaTeX manual or LaTeX Companion for explanation.
Type  H <return>  for immediate help.
 ...                                              
                                                  
l.20 ...ent of solid sorbents for industrial COŌéé
                                                   capture is hindered by th...

You may provide a definition with
\DeclareUnicodeCharacter 


! LaTeX Error: Unicode character Ōéé (U+2082)
               not set up for use with LaTeX.

See the LaTeX manual or LaTeX Companion for explanation.
Type  H <return>  for immediate help.
 ...                                              
                                                  
l.20 ...li and alkaline earth metals binding COŌéé
                                                   too strongly for practica...

You may provide a definition with
\DeclareUnicodeCharacter 


! LaTeX Error: Unicode character Ōēż (U+2264)
               not set up for use with LaTeX.

See the LaTeX manual or LaTeX Companion for explanation.
Type  H <return>  for immediate help.
 ...                                              
                                                  
l.20 ...ingent mechanical stability criterion (Ōēż
                                                  20\% volume change). The m...

You may provide a definition with
\DeclareUnicodeCharacter 


! LaTeX Error: Unicode character Ōéé (U+2082)
               not set up for use with LaTeX.

See the LaTeX manual or LaTeX Companion for explanation.
Type  H <return>  for immediate help.
 ...                                              
                                                  
l.20 ...urable materials for next-generation COŌéé
                                                   capture technologies.
You may provide a definition with
\DeclareUnicodeCharacter 


! LaTeX Error: Unicode character Ōéé (U+2082)
               not set up for use with LaTeX.

See the LaTeX manual or LaTeX Companion for explanation.
Type  H <return>  for immediate help.
 ...                                              
                                                  
l.32 ...tigating the impact of anthropogenic COŌéé
                                                   emissions from industrial...

You may provide a definition with
\DeclareUnicodeCharacter 


! LaTeX Error: Unicode character Ōéé (U+2082)
               not set up for use with LaTeX.

See the LaTeX manual or LaTeX Companion for explanation.
Type  H <return>  for immediate help.
 ...                                              
                                                  
l.32 ...er a promising pathway for capturing COŌéé
                                                   from flue gas streams, bu...

You may provide a definition with
\DeclareUnicodeCharacter 


! LaTeX Error: Unicode character Ōéé (U+2082)
               not set up for use with LaTeX.

See the LaTeX manual or LaTeX Companion for explanation.
Type  H <return>  for immediate help.
 ...                                              
                                                  
l.32 ...hibit a strong chemical affinity for COŌéé
                                                   but also release it with ...

You may provide a definition with
\DeclareUnicodeCharacter 

[1

{/var/lib/texmf/fonts/map/pdftex/updmap/pdftex.map}]

! LaTeX Error: Unicode character Ōéé (U+2082)
               not set up for use with LaTeX.

See the LaTeX manual or LaTeX Companion for explanation.
Type  H <return>  for immediate help.
 ...                                              
                                                  
l.34 ...precisely tuned: materials that bind COŌéé
                                                   too strongly, such as man...

You may provide a definition with
\DeclareUnicodeCharacter 


! LaTeX Error: Unicode character Ōéé (U+2082)
               not set up for use with LaTeX.

See the LaTeX manual or LaTeX Companion for explanation.
Type  H <return>  for immediate help.
 ...                                              
                                                  
l.34 ...ent. Conversely, materials with weak COŌéé
                                                   binding may be unreactive...

You may provide a definition with
\DeclareUnicodeCharacter 


! LaTeX Error: Unicode character Ōéé (U+2082)
               not set up for use with LaTeX.

See the LaTeX manual or LaTeX Companion for explanation.
Type  H <return>  for immediate help.
 ...                                              
                                                  
l.38 ...ional design of robust and efficient COŌéé
                                                   capture technologies.
You may provide a definition with
\DeclareUnicodeCharacter 

[2] [3] [4]

! LaTeX Error: Unicode character Ōéé (U+2082)
               not set up for use with LaTeX.

See the LaTeX manual or LaTeX Companion for explanation.
Type  H <return>  for immediate help.
 ...                                              
                                                  
l.83 ... competing requirements for an ideal COŌéé
                                                   sorbent. The analysis sys...

You may provide a definition with
\DeclareUnicodeCharacter 


LaTeX Warning: File `../input_files/plots/step_6_multi_panel_analysis_1_1775790
796.png' not found on input line 87.


! Package pdftex.def Error: File `../input_files/plots/step_6_multi_panel_analy
sis_1_1775790796.png' not found: using draft setting.

See the pdftex.def package documentation for explanation.
Type  H <return>  for immediate help.
 ...                                              
                                                  
l.87 ...p_6_multi_panel_analysis_1_1775790796.png}
                                                  
Try typing  <return>  to proceed.
If that doesn't work, type  X <return>  to quit.


! LaTeX Error: Unicode character Ōéé (U+2082)
               not set up for use with LaTeX.

See the LaTeX manual or LaTeX Companion for explanation.
Type  H <return>  for immediate help.
 ...                                              
                                                  
l.88 ...ate and lowering the regeneration energy.}
                                                  
You may provide a definition with
\DeclareUnicodeCharacter 


! LaTeX Error: Unicode character Ōéé (U+2082)
               not set up for use with LaTeX.

See the LaTeX manual or LaTeX Companion for explanation.
Type  H <return>  for immediate help.
 ...                                              
                                                  
l.88 ...ate and lowering the regeneration energy.}
                                                  
You may provide a definition with
\DeclareUnicodeCharacter 


LaTeX Warning: Reference `fig:pareto_and_distributions' on page 5 undefined on 
input line 93.


LaTeX Warning: Reference `fig:pareto_and_distributions' on page 5 undefined on 
input line 95.


! LaTeX Error: Unicode character Ōéé (U+2082)
               not set up for use with LaTeX.

See the LaTeX manual or LaTeX Companion for explanation.
Type  H <return>  for immediate help.
 ...                                              
                                                  
l.95 ...lta H$ of -4.22, -4.20, and -3.69 eV/COŌéé
                                                  , respectively), leading t...

You may provide a definition with
\DeclareUnicodeCharacter 


LaTeX Warning: Reference `fig:pareto_and_distributions' on page 5 undefined on 
input line 97.


! LaTeX Error: Unicode character Ōéü (U+2081)
               not set up for use with LaTeX.

See the LaTeX manual or LaTeX Companion for explanation.
Type  H <return>  for immediate help.
 ...                                              
                                                  
l.97 ...obust. The calcium phosphate system (CaŌéü
                                                  ŌéĆPŌéåOŌééŌéģ) is a stand...

You may provide a definition with
\DeclareUnicodeCharacter 


! LaTeX Error: Unicode character ŌéĆ (U+2080)
               not set up for use with LaTeX.

See the LaTeX manual or LaTeX Companion for explanation.
Type  H <return>  for immediate help.
 ...                                              
                                                  
l.97 ...st. The calcium phosphate system (CaŌéüŌéĆ
                                                  PŌéåOŌééŌéģ) is a standout...

You may provide a definition with
\DeclareUnicodeCharacter 


! LaTeX Error: Unicode character Ōéå (U+2086)
               not set up for use with LaTeX.

See the LaTeX manual or LaTeX Companion for explanation.
Type  H <return>  for immediate help.
 ...                                              
                                                  
l.97 ...The calcium phosphate system (CaŌéüŌéĆPŌéå
                                                  OŌééŌéģ) is a standout wit...

You may provide a definition with
\DeclareUnicodeCharacter 


! LaTeX Error: Unicode character Ōéé (U+2082)
               not set up for use with LaTeX.

See the LaTeX manual or LaTeX Companion for explanation.
Type  H <return>  for immediate help.
 ...                                              
                                                  
l.97 ...calcium phosphate system (CaŌéüŌéĆPŌéåOŌéé
                                                  Ōéģ) is a standout with a ...

You may provide a definition with
\DeclareUnicodeCharacter 


! LaTeX Error: Unicode character Ōéģ (U+2085)
               not set up for use with LaTeX.

See the LaTeX manual or LaTeX Companion for explanation.
Type  H <return>  for immediate help.
 ...                                              
                                                  
l.97 ...cium phosphate system (CaŌéüŌéĆPŌéåOŌééŌéģ
                                                  ) is a standout with a mar...

You may provide a definition with
\DeclareUnicodeCharacter 


! LaTeX Error: Unicode character Ōéģ (U+2085)
               not set up for use with LaTeX.

See the LaTeX manual or LaTeX Companion for explanation.
Type  H <return>  for immediate help.
 ...                                              
                                                  
l.97 ...ike potassium titanium phosphate (KTiPOŌéģ
                                                  ) also show excellent stab...

You may provide a definition with
\DeclareUnicodeCharacter 


! LaTeX Error: Unicode character Ōéä (U+2084)
               not set up for use with LaTeX.

See the LaTeX manual or LaTeX Companion for explanation.
Type  H <return>  for immediate help.
 ...                                              
                                                  
l.97 ...s that rigid polyhedral units (e.g., POŌéä
                                                  , TiOŌéå) enhance lattice ...

You may provide a definition with
\DeclareUnicodeCharacter 


! LaTeX Error: Unicode character Ōéå (U+2086)
               not set up for use with LaTeX.

See the LaTeX manual or LaTeX Companion for explanation.
Type  H <return>  for immediate help.
 ...                                              
                                                  
l.97 ...igid polyhedral units (e.g., POŌéä, TiOŌéå
                                                  ) enhance lattice cohesion...

You may provide a definition with
\DeclareUnicodeCharacter 

[5]

LaTeX Warning: Reference `fig:pareto_and_distributions' on page 6 undefined on 
input line 99.


! LaTeX Error: Unicode character Ōéā (U+2083)
               not set up for use with LaTeX.

See the LaTeX manual or LaTeX Companion for explanation.
Type  H <return>  for immediate help.
 ...                                              
                                                  
l.99 ...ions}. Using the CaO $\rightarrow$ CaCOŌéā
                                                   reaction as a template, w...

You may provide a definition with
\DeclareUnicodeCharacter 


LaTeX Warning: Reference `fig:volume_expansion' on page 6 undefined on input li
ne 102.


! LaTeX Error: Unicode character Ōéé (U+2082)
               not set up for use with LaTeX.

See the LaTeX manual or LaTeX Companion for explanation.
Type  H <return>  for immediate help.
 ...                                              
                                                  
l.102 ...urface area, and a rapid decline in COŌéé
                                                   capture capacity.
You may provide a definition with
\DeclareUnicodeCharacter 


LaTeX Warning: File `../input_files/plots/step_3_volume_expansion_histogram_177
5790499.png' not found on input line 106.


! Package pdftex.def Error: File `../input_files/plots/step_3_volume_expansion_
histogram_1775790499.png' not found: using draft setting.

See the pdftex.def package documentation for explanation.
Type  H <return>  for immediate help.
 ...                                              
                                                  
l.106 ...olume_expansion_histogram_1775790499.png}
                                                  
Try typing  <return>  to proceed.
If that doesn't work, type  X <return>  to quit.


LaTeX Warning: Reference `fig:volume_expansion' on page 6 undefined on input li
ne 111.


LaTeX Warning: Reference `fig:pareto_and_distributions' on page 6 undefined on 
input line 111.


! LaTeX Error: Unicode character Ōéł (U+2088)
               not set up for use with LaTeX.

See the LaTeX manual or LaTeX Companion for explanation.
Type  H <return>  for immediate help.
 ...                                              
                                                  
l.111 ... the sodium aluminosilicate system (NaŌéł
                                                  AlŌéåSiŌéåOŌééŌéģ) exhibit...

You may provide a definition with
\DeclareUnicodeCharacter 


! LaTeX Error: Unicode character Ōéå (U+2086)
               not set up for use with LaTeX.

See the LaTeX manual or LaTeX Companion for explanation.
Type  H <return>  for immediate help.
 ...                                              
                                                  
l.111 ...sodium aluminosilicate system (NaŌéłAlŌéå
                                                  SiŌéåOŌééŌéģ) exhibits a n...

You may provide a definition with
\DeclareUnicodeCharacter 


! LaTeX Error: Unicode character Ōéå (U+2086)
               not set up for use with LaTeX.

See the LaTeX manual or LaTeX Companion for explanation.
Type  H <return>  for immediate help.
 ...                                              
                                                  
l.111 ...m aluminosilicate system (NaŌéłAlŌéåSiŌéå
                                                  OŌééŌéģ) exhibits a near-z...

You may provide a definition with
\DeclareUnicodeCharacter 


! LaTeX Error: Unicode character Ōéé (U+2082)
               not set up for use with LaTeX.

See the LaTeX manual or LaTeX Companion for explanation.
Type  H <return>  for immediate help.
 ...                                              
                                                  
l.111 ...uminosilicate system (NaŌéłAlŌéåSiŌéåOŌéé
                                                  Ōéģ) exhibits a near-zero ...

You may provide a definition with
\DeclareUnicodeCharacter 


! LaTeX Error: Unicode character Ōéģ (U+2085)
               not set up for use with LaTeX.

See the LaTeX manual or LaTeX Companion for explanation.
Type  H <return>  for immediate help.
 ...                                              
                                                  
l.111 ...nosilicate system (NaŌéłAlŌéåSiŌéåOŌééŌéģ
                                                  ) exhibits a near-zero vol...

You may provide a definition with
\DeclareUnicodeCharacter 


! LaTeX Error: Unicode character Ōéé (U+2082)
               not set up for use with LaTeX.

See the LaTeX manual or LaTeX Companion for explanation.
Type  H <return>  for immediate help.
 ...                                              
                                                  
l.111 ...lume change (-0.77\% to 1.17\%), as COŌéé
                                                   can be accommodated withi...

You may provide a definition with
\DeclareUnicodeCharacter 


! LaTeX Error: Unicode character Ōéü (U+2081)
               not set up for use with LaTeX.

See the LaTeX manual or LaTeX Companion for explanation.
Type  H <return>  for immediate help.
 ...                                              
                                                  
l.111 ...arly, the calcium phosphate system (CaŌéü
                                                  ŌéĆPŌéåOŌééŌéģ) shows a mi...

You may provide a definition with
\DeclareUnicodeCharacter 


! LaTeX Error: Unicode character ŌéĆ (U+2080)
               not set up for use with LaTeX.

See the LaTeX manual or LaTeX Companion for explanation.
Type  H <return>  for immediate help.
 ...                                              
                                                  
l.111 ...y, the calcium phosphate system (CaŌéüŌéĆ
                                                  PŌéåOŌééŌéģ) shows a minim...

You may provide a definition with
\DeclareUnicodeCharacter 


! LaTeX Error: Unicode character Ōéå (U+2086)
               not set up for use with LaTeX.

See the LaTeX manual or LaTeX Companion for explanation.
Type  H <return>  for immediate help.
 ...                                              
                                                  
l.111 ...he calcium phosphate system (CaŌéüŌéĆPŌéå
                                                  OŌééŌéģ) shows a minimal e...

You may provide a definition with
\DeclareUnicodeCharacter 


! LaTeX Error: Unicode character Ōéé (U+2082)
               not set up for use with LaTeX.

See the LaTeX manual or LaTeX Companion for explanation.
Type  H <return>  for immediate help.
 ...                                              
                                                  
l.111 ...alcium phosphate system (CaŌéüŌéĆPŌéåOŌéé
                                                  Ōéģ) shows a minimal expan...

You may provide a definition with
\DeclareUnicodeCharacter 


! LaTeX Error: Unicode character Ōéģ (U+2085)
               not set up for use with LaTeX.

See the LaTeX manual or LaTeX Companion for explanation.
Type  H <return>  for immediate help.
 ...                                              
                                                  
l.111 ...ium phosphate system (CaŌéüŌéĆPŌéåOŌééŌéģ
                                                  ) shows a minimal expansio...

You may provide a definition with
\DeclareUnicodeCharacter 


Overfull \hbox (4.22368pt too wide) in paragraph at lines 113--113
[]\OT1/cmr/bx/n/12 Composite rank-ing and promis-ing polyan-ionic sor-bents 
 []


! LaTeX Error: Unicode character Ōéģ (U+2085)
               not set up for use with LaTeX.

See the LaTeX manual or LaTeX Companion for explanation.
Type  H <return>  for immediate help.
 ...                                              
                                                  
l.116 ...l is sodium titanium phosphate (NaTiPOŌéģ
                                                  ), which exhibits a nearly...

You may provide a definition with
\DeclareUnicodeCharacter 


! LaTeX Error: Unicode character Ōéģ (U+2085)
               not set up for use with LaTeX.

See the LaTeX manual or LaTeX Companion for explanation.
Type  H <return>  for immediate help.
 ...                                              
                                                  
l.116 ...is potassium titanium phosphate (KTiPOŌéģ
                                                  ), with a $\Delta G$ of -0...

You may provide a definition with
\DeclareUnicodeCharacter 


! LaTeX Error: Unicode character Ōéģ (U+2085)
               not set up for use with LaTeX.

See the LaTeX manual or LaTeX Companion for explanation.
Type  H <return>  for immediate help.
 ...                                              
                                                  
l.116 ...thium vanadium phosphates (e.g., LiVPOŌéģ
                                                  ) and silicates (e.g., LiŌ...

You may provide a definition with
\DeclareUnicodeCharacter 


! LaTeX Error: Unicode character Ōéé (U+2082)
               not set up for use with LaTeX.

See the LaTeX manual or LaTeX Companion for explanation.
Type  H <return>  for immediate help.
 ...                                              
                                                  
l.116 ....g., LiVPOŌéģ) and silicates (e.g., LiŌéé
                                                  VSiOŌéģ), which also balan...

You may provide a definition with
\DeclareUnicodeCharacter 


! LaTeX Error: Unicode character Ōéģ (U+2085)
               not set up for use with LaTeX.

See the LaTeX manual or LaTeX Companion for explanation.
Type  H <return>  for immediate help.
 ...                                              
                                                  
l.116 ...VPOŌéģ) and silicates (e.g., LiŌééVSiOŌéģ
                                                  ), which also balance near...

You may provide a definition with
\DeclareUnicodeCharacter 


Overfull \hbox (2.86177pt too wide) in paragraph at lines 116--117
[]\OT1/cmr/m/n/10 The top-ranked can-di-dates are over-whelm-ingly com-plex, mi
xed-metal polyan-
 []

[6]

LaTeX Warning: Reference `fig:pareto_and_distributions' on page 7 undefined on 
input line 118.


! LaTeX Error: Unicode character Ōéé (U+2082)
               not set up for use with LaTeX.

See the LaTeX manual or LaTeX Companion for explanation.
Type  H <return>  for immediate help.
 ...                                              
                                                  
l.118 ...mance solid sorbents for industrial COŌéé
                                                   capture.
You may provide a definition with
\DeclareUnicodeCharacter 


! LaTeX Error: Unicode character Ōéé (U+2082)
               not set up for use with LaTeX.

See the LaTeX manual or LaTeX Companion for explanation.
Type  H <return>  for immediate help.
 ...                                              
                                                  
l.122 ...allenge in solid sorbent design for COŌéé
                                                   capture: the need to simu...

You may provide a definition with
\DeclareUnicodeCharacter 


! LaTeX Error: Unicode character Ōéé (U+2082)
               not set up for use with LaTeX.

See the LaTeX manual or LaTeX Companion for explanation.
Type  H <return>  for immediate help.
 ...                                              
                                                  
l.126 ...kali and alkaline earth oxides bind COŌéé
                                                   too strongly for energy-e...

You may provide a definition with
\DeclareUnicodeCharacter 


! LaTeX Error: Unicode character Ōéģ (U+2085)
               not set up for use with LaTeX.

See the LaTeX manual or LaTeX Companion for explanation.
Type  H <return>  for immediate help.
 ...                                              
                                                  
l.128 ...h as sodium titanium phosphate (NaTiPOŌéģ
                                                  ) and lithium vanadium pho...

You may provide a definition with
\DeclareUnicodeCharacter 


! LaTeX Error: Unicode character Ōéé (U+2082)
               not set up for use with LaTeX.

See the LaTeX manual or LaTeX Companion for explanation.
Type  H <return>  for immediate help.
 ...                                              
                                                  
l.128 ...ation solid sorbents for industrial COŌéé
                                                   capture.
You may provide a definition with
\DeclareUnicodeCharacter 

[7]
No file paper.bbl.
[8] [9] [10] (./paper.aux)

LaTeX Warning: There were undefined references.


LaTeX Warning: Label(s) may have changed. Rerun to get cross-references right.

 ) 
Here is how much of TeX's memory you used:
 2672 strings out of 477975
 43973 string characters out of 5839282
 1861330 words of memory out of 5000000
 22796 multiletter control sequences out of 15000+600000
 518445 words of font info for 54 fonts, out of 8000000 for 9000
 59 hyphenation exceptions out of 8191
 57i,6n,62p,1746b,271s stack positions out of 10000i,1000n,20000p,200000b,200000s
</usr/share/texlive/texmf-dist/fonts/type1/public/amsfonts/cm/cmbx10.pfb></us
r/share/texlive/texmf-dist/fonts/type1/public/amsfonts/cm/cmbx12.pfb></usr/shar
e/texlive/texmf-dist/fonts/type1/public/amsfonts/cm/cmbx9.pfb></usr/share/texli
ve/texmf-dist/fonts/type1/public/amsfonts/cm/cmmi10.pfb></usr/share/texlive/tex
mf-dist/fonts/type1/public/amsfonts/cm/cmmi7.pfb></usr/share/texlive/texmf-dist
/fonts/type1/public/amsfonts/cm/cmr10.pfb></usr/share/texlive/texmf-dist/fonts/
type1/public/amsfonts/cm/cmr12.pfb></usr/share/texlive/texmf-dist/fonts/type1/p
ublic/amsfonts/cm/cmr17.pfb></usr/share/texlive/texmf-dist/fonts/type1/public/a
msfonts/cm/cmr5.pfb></usr/share/texlive/texmf-dist/fonts/type1/public/amsfonts/
cm/cmr7.pfb></usr/share/texlive/texmf-dist/fonts/type1/public/amsfonts/cm/cmr9.
pfb></usr/share/texlive/texmf-dist/fonts/type1/public/amsfonts/cm/cmsy10.pfb></
usr/share/texlive/texmf-dist/fonts/type1/public/amsfonts/cm/cmtt10.pfb>
Output written on paper.pdf (10 pages, 190869 bytes).
PDF statistics:
 102 PDF objects out of 1000 (max. 8388607)
 63 compressed objects within 1 object stream
 0 named destinations out of 1000 (max. 500000)
 1 words of extra memory for PDF output out of 10000 (max. 10000000)

